<?xml version="1.0" encoding="UTF-8"?>
<!-- Generated by org.testng.reporters.JUnitXMLReporter -->
<testsuite ignored="0" hostname="E14-YHAMEED" failures="1" tests="3" name="Simple Reporter test" time="0.045" errors="0" timestamp="2022-05-11T11:49:31 ADT">
  <testcase classname="SampleTest" name="testMethodTwo" time="0.009">
    <failure type="java.lang.AssertionError" message="did not expect to find [true] but found [false]">
      <![CDATA[java.lang.AssertionError: did not expect to find [true] but found [false]
at SampleTest.testMethodTwo(SampleTest.java:12)
at java.base/java.util.ArrayList.forEach(ArrayList.java:1511)
... Removed 31 stack frames]]>
    </failure>
  </testcase> <!-- testMethodTwo -->
  <testcase classname="SampleTest" name="testMethodOne" time="0.001"/>
  <testcase classname="SampleTest" name="testMethodThree" time="0.0">
    <skipped/>
  </testcase> <!-- testMethodThree -->
</testsuite> <!-- Simple Reporter test -->
